<?xml version="1.0" encoding="UTF-8"?>
<testsuite xmlns:xsi="http://www.w3.org/2001/XMLSchema-instance" xsi:noNamespaceSchemaLocation="https://maven.apache.org/surefire/maven-surefire-plugin/xsd/surefire-test-report.xsd" name="ru.syntez.processors.order.transformer.OrderTransformProcessorTest" time="0.693" tests="1" errors="0" skipped="0" failures="0">
  <properties>
    <property name="sun.desktop" value="windows"/>
    <property name="awt.toolkit" value="sun.awt.windows.WToolkit"/>
    <property name="file.encoding.pkg" value="sun.io"/>
    <property name="java.specification.version" value="1.8"/>
    <property name="sun.cpu.isalist" value="amd64"/>
    <property name="sun.jnu.encoding" value="Cp1251"/>
    <property name="java.class.path" value="D:\WorkSpace\2021\nifi_order_processor\nifi-order.transformer-processors\target\test-classes;D:\WorkSpace\2021\nifi_order_processor\nifi-order.transformer-processors\target\classes;C:\Users\skyhunter\.m2\repository\org\apache\nifi\nifi-record-serialization-service-api\1.12.1\nifi-record-serialization-service-api-1.12.1.jar;C:\Users\skyhunter\.m2\repository\org\apache\nifi\nifi-api\1.12.1\nifi-api-1.12.1.jar;C:\Users\skyhunter\.m2\repository\org\apache\nifi\nifi-utils\1.12.1\nifi-utils-1.12.1.jar;C:\Users\skyhunter\.m2\repository\org\apache\nifi\nifi-mock\1.12.1\nifi-mock-1.12.1.jar;C:\Users\skyhunter\.m2\repository\org\apache\nifi\nifi-framework-api\1.12.1\nifi-framework-api-1.12.1.jar;C:\Users\skyhunter\.m2\repository\org\apache\nifi\nifi-parameter\1.12.1\nifi-parameter-1.12.1.jar;C:\Users\skyhunter\.m2\repository\org\apache\nifi\nifi-expression-language\1.12.1\nifi-expression-language-1.12.1.jar;C:\Users\skyhunter\.m2\repository\org\antlr\antlr-runtime\3.5.2\antlr-runtime-3.5.2.jar;C:\Users\skyhunter\.m2\repository\com\jayway\jsonpath\json-path\2.4.0\json-path-2.4.0.jar;C:\Users\skyhunter\.m2\repository\net\minidev\json-smart\2.3\json-smart-2.3.jar;C:\Users\skyhunter\.m2\repository\net\minidev\accessors-smart\1.2\accessors-smart-1.2.jar;C:\Users\skyhunter\.m2\repository\org\ow2\asm\asm\5.0.4\asm-5.0.4.jar;C:\Users\skyhunter\.m2\repository\org\apache\commons\commons-text\1.8\commons-text-1.8.jar;C:\Users\skyhunter\.m2\repository\org\apache\commons\commons-lang3\3.9\commons-lang3-3.9.jar;C:\Users\skyhunter\.m2\repository\commons-codec\commons-codec\1.14\commons-codec-1.14.jar;C:\Users\skyhunter\.m2\repository\org\apache\nifi\nifi-data-provenance-utils\1.12.1\nifi-data-provenance-utils-1.12.1.jar;C:\Users\skyhunter\.m2\repository\org\apache\nifi\nifi-security-utils\1.12.1\nifi-security-utils-1.12.1.jar;C:\Users\skyhunter\.m2\repository\org\apache\nifi\nifi-security-utils-api\1.12.1\nifi-security-utils-api-1.12.1.jar;C:\Users\skyhunter\.m2\repository\org\bouncycastle\bcpkix-jdk15on\1.66\bcpkix-jdk15on-1.66.jar;C:\Users\skyhunter\.m2\repository\at\favre\lib\bcrypt\0.9.0\bcrypt-0.9.0.jar;C:\Users\skyhunter\.m2\repository\at\favre\lib\bytes\1.3.0\bytes-1.3.0.jar;C:\Users\skyhunter\.m2\repository\org\apache\commons\commons-configuration2\2.7\commons-configuration2-2.7.jar;C:\Users\skyhunter\.m2\repository\commons-logging\commons-logging\1.2\commons-logging-1.2.jar;C:\Users\skyhunter\.m2\repository\org\bouncycastle\bcprov-jdk15on\1.66\bcprov-jdk15on-1.66.jar;C:\Users\skyhunter\.m2\repository\org\apache\nifi\nifi-properties-loader\1.12.1\nifi-properties-loader-1.12.1.jar;C:\Users\skyhunter\.m2\repository\org\apache\nifi\nifi-properties\1.12.1\nifi-properties-1.12.1.jar;C:\Users\skyhunter\.m2\repository\org\slf4j\slf4j-simple\1.7.30\slf4j-simple-1.7.30.jar;C:\Users\skyhunter\.m2\repository\org\slf4j\slf4j-api\1.7.30\slf4j-api-1.7.30.jar;C:\Users\skyhunter\.m2\repository\org\projectlombok\lombok\1.18.16\lombok-1.18.16.jar;C:\Users\skyhunter\.m2\repository\org\mapstruct\mapstruct\1.4.2.Final\mapstruct-1.4.2.Final.jar;C:\Users\skyhunter\.m2\repository\org\mapstruct\mapstruct-processor\1.4.2.Final\mapstruct-processor-1.4.2.Final.jar;C:\Users\skyhunter\.m2\repository\com\fasterxml\jackson\core\jackson-databind\2.11.1\jackson-databind-2.11.1.jar;C:\Users\skyhunter\.m2\repository\com\fasterxml\jackson\core\jackson-annotations\2.11.1\jackson-annotations-2.11.1.jar;C:\Users\skyhunter\.m2\repository\com\fasterxml\jackson\core\jackson-core\2.11.1\jackson-core-2.11.1.jar;C:\Users\skyhunter\.m2\repository\com\fasterxml\jackson\dataformat\jackson-dataformat-xml\2.11.1\jackson-dataformat-xml-2.11.1.jar;C:\Users\skyhunter\.m2\repository\com\fasterxml\jackson\module\jackson-module-jaxb-annotations\2.11.1\jackson-module-jaxb-annotations-2.11.1.jar;C:\Users\skyhunter\.m2\repository\jakarta\xml\bind\jakarta.xml.bind-api\2.3.2\jakarta.xml.bind-api-2.3.2.jar;C:\Users\skyhunter\.m2\repository\jakarta\activation\jakarta.activation-api\1.2.1\jakarta.activation-api-1.2.1.jar;C:\Users\skyhunter\.m2\repository\org\codehaus\woodstox\stax2-api\4.2.1\stax2-api-4.2.1.jar;C:\Users\skyhunter\.m2\repository\com\fasterxml\woodstox\woodstox-core\6.2.1\woodstox-core-6.2.1.jar;C:\Users\skyhunter\.m2\repository\junit\junit\4.13\junit-4.13.jar;C:\Users\skyhunter\.m2\repository\org\hamcrest\hamcrest-core\1.3\hamcrest-core-1.3.jar;C:\Users\skyhunter\.m2\repository\org\mockito\mockito-core\2.28.2\mockito-core-2.28.2.jar;C:\Users\skyhunter\.m2\repository\net\bytebuddy\byte-buddy\1.9.10\byte-buddy-1.9.10.jar;C:\Users\skyhunter\.m2\repository\net\bytebuddy\byte-buddy-agent\1.9.10\byte-buddy-agent-1.9.10.jar;C:\Users\skyhunter\.m2\repository\org\objenesis\objenesis\2.6\objenesis-2.6.jar;C:\Users\skyhunter\.m2\repository\org\codehaus\groovy\groovy-test\2.5.4\groovy-test-2.5.4.jar;C:\Users\skyhunter\.m2\repository\org\codehaus\groovy\groovy\2.5.4\groovy-2.5.4.jar;"/>
    <property name="java.vm.vendor" value="Oracle Corporation"/>
    <property name="sun.arch.data.model" value="64"/>
    <property name="user.variant" value=""/>
    <property name="java.vendor.url" value="http://java.oracle.com/"/>
    <property name="user.timezone" value="GMT+03:00"/>
    <property name="java.vm.specification.version" value="1.8"/>
    <property name="os.name" value="Windows 7"/>
    <property name="user.country" value="RU"/>
    <property name="sun.java.launcher" value="SUN_STANDARD"/>
    <property name="sun.boot.library.path" value="C:\Program Files\Java\jdk1.8.0_241\jre\bin"/>
    <property name="sun.java.command" value="C:\Users\SKYHUN~1\AppData\Local\Temp\surefire7076420573370300372\surefirebooter305199778348848637.jar C:\Users\skyhunter\AppData\Local\Temp\surefire7076420573370300372 2021-02-10T22-54-49_708-jvmRun1 surefire1582455906886747188tmp surefire_05702947171216747389tmp"/>
    <property name="surefire.test.class.path" value="D:\WorkSpace\2021\nifi_order_processor\nifi-order.transformer-processors\target\test-classes;D:\WorkSpace\2021\nifi_order_processor\nifi-order.transformer-processors\target\classes;C:\Users\skyhunter\.m2\repository\org\apache\nifi\nifi-record-serialization-service-api\1.12.1\nifi-record-serialization-service-api-1.12.1.jar;C:\Users\skyhunter\.m2\repository\org\apache\nifi\nifi-api\1.12.1\nifi-api-1.12.1.jar;C:\Users\skyhunter\.m2\repository\org\apache\nifi\nifi-utils\1.12.1\nifi-utils-1.12.1.jar;C:\Users\skyhunter\.m2\repository\org\apache\nifi\nifi-mock\1.12.1\nifi-mock-1.12.1.jar;C:\Users\skyhunter\.m2\repository\org\apache\nifi\nifi-framework-api\1.12.1\nifi-framework-api-1.12.1.jar;C:\Users\skyhunter\.m2\repository\org\apache\nifi\nifi-parameter\1.12.1\nifi-parameter-1.12.1.jar;C:\Users\skyhunter\.m2\repository\org\apache\nifi\nifi-expression-language\1.12.1\nifi-expression-language-1.12.1.jar;C:\Users\skyhunter\.m2\repository\org\antlr\antlr-runtime\3.5.2\antlr-runtime-3.5.2.jar;C:\Users\skyhunter\.m2\repository\com\jayway\jsonpath\json-path\2.4.0\json-path-2.4.0.jar;C:\Users\skyhunter\.m2\repository\net\minidev\json-smart\2.3\json-smart-2.3.jar;C:\Users\skyhunter\.m2\repository\net\minidev\accessors-smart\1.2\accessors-smart-1.2.jar;C:\Users\skyhunter\.m2\repository\org\ow2\asm\asm\5.0.4\asm-5.0.4.jar;C:\Users\skyhunter\.m2\repository\org\apache\commons\commons-text\1.8\commons-text-1.8.jar;C:\Users\skyhunter\.m2\repository\org\apache\commons\commons-lang3\3.9\commons-lang3-3.9.jar;C:\Users\skyhunter\.m2\repository\commons-codec\commons-codec\1.14\commons-codec-1.14.jar;C:\Users\skyhunter\.m2\repository\org\apache\nifi\nifi-data-provenance-utils\1.12.1\nifi-data-provenance-utils-1.12.1.jar;C:\Users\skyhunter\.m2\repository\org\apache\nifi\nifi-security-utils\1.12.1\nifi-security-utils-1.12.1.jar;C:\Users\skyhunter\.m2\repository\org\apache\nifi\nifi-security-utils-api\1.12.1\nifi-security-utils-api-1.12.1.jar;C:\Users\skyhunter\.m2\repository\org\bouncycastle\bcpkix-jdk15on\1.66\bcpkix-jdk15on-1.66.jar;C:\Users\skyhunter\.m2\repository\at\favre\lib\bcrypt\0.9.0\bcrypt-0.9.0.jar;C:\Users\skyhunter\.m2\repository\at\favre\lib\bytes\1.3.0\bytes-1.3.0.jar;C:\Users\skyhunter\.m2\repository\org\apache\commons\commons-configuration2\2.7\commons-configuration2-2.7.jar;C:\Users\skyhunter\.m2\repository\commons-logging\commons-logging\1.2\commons-logging-1.2.jar;C:\Users\skyhunter\.m2\repository\org\bouncycastle\bcprov-jdk15on\1.66\bcprov-jdk15on-1.66.jar;C:\Users\skyhunter\.m2\repository\org\apache\nifi\nifi-properties-loader\1.12.1\nifi-properties-loader-1.12.1.jar;C:\Users\skyhunter\.m2\repository\org\apache\nifi\nifi-properties\1.12.1\nifi-properties-1.12.1.jar;C:\Users\skyhunter\.m2\repository\org\slf4j\slf4j-simple\1.7.30\slf4j-simple-1.7.30.jar;C:\Users\skyhunter\.m2\repository\org\slf4j\slf4j-api\1.7.30\slf4j-api-1.7.30.jar;C:\Users\skyhunter\.m2\repository\org\projectlombok\lombok\1.18.16\lombok-1.18.16.jar;C:\Users\skyhunter\.m2\repository\org\mapstruct\mapstruct\1.4.2.Final\mapstruct-1.4.2.Final.jar;C:\Users\skyhunter\.m2\repository\org\mapstruct\mapstruct-processor\1.4.2.Final\mapstruct-processor-1.4.2.Final.jar;C:\Users\skyhunter\.m2\repository\com\fasterxml\jackson\core\jackson-databind\2.11.1\jackson-databind-2.11.1.jar;C:\Users\skyhunter\.m2\repository\com\fasterxml\jackson\core\jackson-annotations\2.11.1\jackson-annotations-2.11.1.jar;C:\Users\skyhunter\.m2\repository\com\fasterxml\jackson\core\jackson-core\2.11.1\jackson-core-2.11.1.jar;C:\Users\skyhunter\.m2\repository\com\fasterxml\jackson\dataformat\jackson-dataformat-xml\2.11.1\jackson-dataformat-xml-2.11.1.jar;C:\Users\skyhunter\.m2\repository\com\fasterxml\jackson\module\jackson-module-jaxb-annotations\2.11.1\jackson-module-jaxb-annotations-2.11.1.jar;C:\Users\skyhunter\.m2\repository\jakarta\xml\bind\jakarta.xml.bind-api\2.3.2\jakarta.xml.bind-api-2.3.2.jar;C:\Users\skyhunter\.m2\repository\jakarta\activation\jakarta.activation-api\1.2.1\jakarta.activation-api-1.2.1.jar;C:\Users\skyhunter\.m2\repository\org\codehaus\woodstox\stax2-api\4.2.1\stax2-api-4.2.1.jar;C:\Users\skyhunter\.m2\repository\com\fasterxml\woodstox\woodstox-core\6.2.1\woodstox-core-6.2.1.jar;C:\Users\skyhunter\.m2\repository\junit\junit\4.13\junit-4.13.jar;C:\Users\skyhunter\.m2\repository\org\hamcrest\hamcrest-core\1.3\hamcrest-core-1.3.jar;C:\Users\skyhunter\.m2\repository\org\mockito\mockito-core\2.28.2\mockito-core-2.28.2.jar;C:\Users\skyhunter\.m2\repository\net\bytebuddy\byte-buddy\1.9.10\byte-buddy-1.9.10.jar;C:\Users\skyhunter\.m2\repository\net\bytebuddy\byte-buddy-agent\1.9.10\byte-buddy-agent-1.9.10.jar;C:\Users\skyhunter\.m2\repository\org\objenesis\objenesis\2.6\objenesis-2.6.jar;C:\Users\skyhunter\.m2\repository\org\codehaus\groovy\groovy-test\2.5.4\groovy-test-2.5.4.jar;C:\Users\skyhunter\.m2\repository\org\codehaus\groovy\groovy\2.5.4\groovy-2.5.4.jar;"/>
    <property name="sun.cpu.endian" value="little"/>
    <property name="user.home" value="C:\Users\skyhunter"/>
    <property name="user.language" value="ru"/>
    <property name="java.specification.vendor" value="Oracle Corporation"/>
    <property name="java.home" value="C:\Program Files\Java\jdk1.8.0_241\jre"/>
    <property name="basedir" value="D:\WorkSpace\2021\nifi_order_processor\nifi-order.transformer-processors"/>
    <property name="file.separator" value="\"/>
    <property name="line.separator" value="&#10;"/>
    <property name="java.vm.specification.vendor" value="Oracle Corporation"/>
    <property name="java.specification.name" value="Java Platform API Specification"/>
    <property name="java.awt.graphicsenv" value="sun.awt.Win32GraphicsEnvironment"/>
    <property name="java.awt.headless" value="true"/>
    <property name="surefire.real.class.path" value="C:\Users\SKYHUN~1\AppData\Local\Temp\surefire7076420573370300372\surefirebooter305199778348848637.jar"/>
    <property name="sun.boot.class.path" value="C:\Program Files\Java\jdk1.8.0_241\jre\lib\resources.jar;C:\Program Files\Java\jdk1.8.0_241\jre\lib\rt.jar;C:\Program Files\Java\jdk1.8.0_241\jre\lib\sunrsasign.jar;C:\Program Files\Java\jdk1.8.0_241\jre\lib\jsse.jar;C:\Program Files\Java\jdk1.8.0_241\jre\lib\jce.jar;C:\Program Files\Java\jdk1.8.0_241\jre\lib\charsets.jar;C:\Program Files\Java\jdk1.8.0_241\jre\lib\jfr.jar;C:\Program Files\Java\jdk1.8.0_241\jre\classes"/>
    <property name="user.script" value=""/>
    <property name="sun.management.compiler" value="HotSpot 64-Bit Tiered Compilers"/>
    <property name="java.runtime.version" value="1.8.0_241-b07"/>
    <property name="java.net.preferIPv4Stack" value="true"/>
    <property name="user.name" value="skyhunter"/>
    <property name="path.separator" value=";"/>
    <property name="os.version" value="6.1"/>
    <property name="java.endorsed.dirs" value="C:\Program Files\Java\jdk1.8.0_241\jre\lib\endorsed"/>
    <property name="java.runtime.name" value="Java(TM) SE Runtime Environment"/>
    <property name="file.encoding" value="UTF-8"/>
    <property name="java.vm.name" value="Java HotSpot(TM) 64-Bit Server VM"/>
    <property name="localRepository" value="C:\Users\skyhunter\.m2\repository"/>
    <property name="java.vendor.url.bug" value="http://bugreport.sun.com/bugreport/"/>
    <property name="java.io.tmpdir" value="C:\Users\SKYHUN~1\AppData\Local\Temp\"/>
    <property name="java.version" value="1.8.0_241"/>
    <property name="user.dir" value="D:\WorkSpace\2021\nifi_order_processor\nifi-order.transformer-processors"/>
    <property name="os.arch" value="amd64"/>
    <property name="java.vm.specification.name" value="Java Virtual Machine Specification"/>
    <property name="java.awt.printerjob" value="sun.awt.windows.WPrinterJob"/>
    <property name="sun.os.patch.level" value="Service Pack 1"/>
    <property name="java.library.path" value="C:\Program Files\Java\jdk1.8.0_241\jre\bin;C:\Windows\Sun\Java\bin;C:\Windows\system32;C:\Windows;C:\Program Files (x86)\Intel\iCLS Client\;C:\Program Files\Intel\iCLS Client\;C:\Program Files (x86)\Common Files\Oracle\Java\javapath;C:\Windows\system32;C:\Windows;C:\Windows\System32\Wbem;C:\Windows\System32\WindowsPowerShell\v1.0\;C:\Program Files (x86)\NVIDIA Corporation\PhysX\Common;C:\Program Files\TortoiseSVN\bin;C:\Program Files\SlikSvn\bin;C:\Program Files\PuTTY\;C:\Program Files\Git\cmd;C:\maven-3.6.3\bin;C:\Program Files\Java\jdk1.8.0_241\bin;;C:\Program Files\Intel\Intel(R) Management Engine Components\DAL;C:\Program Files\Intel\Intel(R) Management Engine Components\IPT;C:\Program Files (x86)\Intel\Intel(R) Management Engine Components\DAL;C:\Program Files (x86)\Intel\Intel(R) Management Engine Components\IPT;C:\Program Files\SafeNet\Authentication\SAC\x64;C:\Program Files\SafeNet\Authentication\SAC\x32;C:\maven-3.6.3\bin;."/>
    <property name="java.vm.info" value="mixed mode"/>
    <property name="java.vendor" value="Oracle Corporation"/>
    <property name="java.vm.version" value="25.241-b07"/>
    <property name="java.ext.dirs" value="C:\Program Files\Java\jdk1.8.0_241\jre\lib\ext;C:\Windows\Sun\Java\lib\ext"/>
    <property name="sun.io.unicode.encoding" value="UnicodeLittle"/>
    <property name="java.class.version" value="52.0"/>
  </properties>
  <testcase name="testProcessor" classname="ru.syntez.processors.order.transformer.OrderTransformProcessorTest" time="0.645"/>
</testsuite>